{"uid":"8fb57f8601acf0bb","name":"a user should be able to start a successful build()","fullName":"com.jetbrains.teamcity.ui.StartBuildTest.a user should be able to start a successful build","historyId":"d984e8adaee049a7786f718ad2aecf27","time":{"start":1741591715060,"stop":1741591733260,"duration":18200},"description":"","status":"failed","statusMessage":"List size mismatch: expected: >= 1, actual: 0, collection: div[class*='Builds__hasParentGrid']/div[class*='buildContainer']\nScreenshot: file:/home/runner/work/automation-template/automation-template/build/reports/tests/1741591732594.0.png\nPage source: file:/home/runner/work/automation-template/automation-template/build/reports/tests/1741591732594.0.html\nTimeout: 10 s.","statusTrace":"List size mismatch: expected: >= 1, actual: 0, collection: div[class*='Builds__hasParentGrid']/div[class*='buildContainer']\nScreenshot: file:/home/runner/work/automation-template/automation-template/build/reports/tests/1741591732594.0.png\nPage source: file:/home/runner/work/automation-template/automation-template/build/reports/tests/1741591732594.0.html\nTimeout: 10 s.\n\tat com.codeborne.selenide.collections.CollectionSizeCondition.fail(CollectionSizeCondition.java:34)\n\tat com.codeborne.selenide.collections.SizeGreaterThanOrEqual.fail(SizeGreaterThanOrEqual.java:3)\n\tat com.codeborne.selenide.BaseElementsCollection.waitUntil(BaseElementsCollection.java:202)\n\tat com.codeborne.selenide.BaseElementsCollection.should(BaseElementsCollection.java:143)\n\tat com.codeborne.selenide.BaseElementsCollection.shouldHave(BaseElementsCollection.java:119)\n\tat com.jetbrains.teamcity.ui.pages.BuildTypePage.expectBuildRunsToExist(BuildTypePage.kt:29)\n\tat com.jetbrains.teamcity.ui.pages.BuildTypePage.expectBuildRunsToExist$default(BuildTypePage.kt:24)\n\tat com.jetbrains.teamcity.ui.StartBuildTest.a user should be able to start a successful build(StartBuildTest.kt:37)\n\tat java.base/java.lang.reflect.Method.invoke(Method.java:580)\n\tat java.base/java.util.ArrayList.forEach(ArrayList.java:1596)\n\tat java.base/java.util.ArrayList.forEach(ArrayList.java:1596)\n","flaky":true,"newFailed":true,"newBroken":false,"newPassed":false,"retriesCount":0,"retriesStatusChange":false,"beforeStages":[],"testStage":{"description":"","status":"failed","statusMessage":"List size mismatch: expected: >= 1, actual: 0, collection: div[class*='Builds__hasParentGrid']/div[class*='buildContainer']\nScreenshot: file:/home/runner/work/automation-template/automation-template/build/reports/tests/1741591732594.0.png\nPage source: file:/home/runner/work/automation-template/automation-template/build/reports/tests/1741591732594.0.html\nTimeout: 10 s.","statusTrace":"List size mismatch: expected: >= 1, actual: 0, collection: div[class*='Builds__hasParentGrid']/div[class*='buildContainer']\nScreenshot: file:/home/runner/work/automation-template/automation-template/build/reports/tests/1741591732594.0.png\nPage source: file:/home/runner/work/automation-template/automation-template/build/reports/tests/1741591732594.0.html\nTimeout: 10 s.\n\tat com.codeborne.selenide.collections.CollectionSizeCondition.fail(CollectionSizeCondition.java:34)\n\tat com.codeborne.selenide.collections.SizeGreaterThanOrEqual.fail(SizeGreaterThanOrEqual.java:3)\n\tat com.codeborne.selenide.BaseElementsCollection.waitUntil(BaseElementsCollection.java:202)\n\tat com.codeborne.selenide.BaseElementsCollection.should(BaseElementsCollection.java:143)\n\tat com.codeborne.selenide.BaseElementsCollection.shouldHave(BaseElementsCollection.java:119)\n\tat com.jetbrains.teamcity.ui.pages.BuildTypePage.expectBuildRunsToExist(BuildTypePage.kt:29)\n\tat com.jetbrains.teamcity.ui.pages.BuildTypePage.expectBuildRunsToExist$default(BuildTypePage.kt:24)\n\tat com.jetbrains.teamcity.ui.StartBuildTest.a user should be able to start a successful build(StartBuildTest.kt:37)\n\tat java.base/java.lang.reflect.Method.invoke(Method.java:580)\n\tat java.base/java.util.ArrayList.forEach(ArrayList.java:1596)\n\tat java.base/java.util.ArrayList.forEach(ArrayList.java:1596)\n","steps":[{"name":"$(\"open\") http://172.17.0.1:8111/login.html","time":{"start":1741591715137,"stop":1741591716983,"duration":1846},"status":"passed","steps":[{"name":"$(\"webdriver\") create()","time":{"start":1741591715137,"stop":1741591716436,"duration":1299},"status":"passed","steps":[],"attachments":[],"parameters":[],"shouldDisplayMessage":false,"stepsCount":0,"attachmentsCount":0,"hasContent":false}],"attachments":[],"parameters":[],"shouldDisplayMessage":false,"stepsCount":1,"attachmentsCount":0,"hasContent":true},{"name":"$(\"#username\") val(test_pZpeO)","time":{"start":1741591716983,"stop":1741591717095,"duration":112},"status":"passed","steps":[],"attachments":[],"parameters":[],"shouldDisplayMessage":false,"stepsCount":0,"attachmentsCount":0,"hasContent":false},{"name":"$(\"#password\") val(test_QtY63)","time":{"start":1741591717095,"stop":1741591717197,"duration":102},"status":"passed","steps":[],"attachments":[],"parameters":[],"shouldDisplayMessage":false,"stepsCount":0,"attachmentsCount":0,"hasContent":false},{"name":"$(\".loginButton\") click()","time":{"start":1741591717197,"stop":1741591717297,"duration":100},"status":"passed","steps":[],"attachments":[],"parameters":[],"shouldDisplayMessage":false,"stepsCount":0,"attachmentsCount":0,"hasContent":false},{"name":"$(\".MainPanel__router--gF > div\") should be([visible, 30 s.])","time":{"start":1741591717297,"stop":1741591718819,"duration":1522},"status":"passed","steps":[],"attachments":[],"parameters":[],"shouldDisplayMessage":false,"stepsCount":0,"attachmentsCount":0,"hasContent":false},{"name":"$(\"open\") http://172.17.0.1:8111/project/test_2kquq","time":{"start":1741591719064,"stop":1741591719530,"duration":466},"status":"passed","steps":[],"attachments":[],"parameters":[],"shouldDisplayMessage":false,"stepsCount":0,"attachmentsCount":0,"hasContent":false},{"name":"$(\"span[class*='ProjectPageHeader__title']\") should be([visible, 30 s.])","time":{"start":1741591719530,"stop":1741591720149,"duration":619},"status":"passed","steps":[],"attachments":[],"parameters":[],"shouldDisplayMessage":false,"stepsCount":0,"attachmentsCount":0,"hasContent":false},{"name":"$(\"div[class*='BuildTypes__list'] div[class*='BuildTypes__item'].snapshot(1 elements)[0]/span[class*='MiddleEllipsis']\") text()","time":{"start":1741591720160,"stop":1741591720192,"duration":32},"status":"passed","steps":[],"attachments":[],"parameters":[],"shouldDisplayMessage":false,"stepsCount":0,"attachmentsCount":0,"hasContent":false},{"name":"$(\"div[class*='BuildTypes__list'] div[class*='BuildTypes__item'].snapshot(1 elements)[0]/button[data-test='run-build']\") click()","time":{"start":1741591720192,"stop":1741591720863,"duration":671},"status":"passed","steps":[],"attachments":[],"parameters":[],"shouldDisplayMessage":false,"stepsCount":0,"attachmentsCount":0,"hasContent":false},{"name":"$(\"open\") http://172.17.0.1:8111/buildConfiguration/test_7dcAv","time":{"start":1741591721059,"stop":1741591721891,"duration":832},"status":"passed","steps":[],"attachments":[],"parameters":[],"shouldDisplayMessage":false,"stepsCount":0,"attachmentsCount":0,"hasContent":false},{"name":"$(\"h1\") should be([visible, 30 s.])","time":{"start":1741591721891,"stop":1741591722460,"duration":569},"status":"passed","steps":[],"attachments":[],"parameters":[],"shouldDisplayMessage":false,"stepsCount":0,"attachmentsCount":0,"hasContent":false},{"name":"$(\"div[class*='Builds__hasParentGrid']\") is(visible)","time":{"start":1741591722460,"stop":1741591722489,"duration":29},"status":"passed","steps":[],"attachments":[],"parameters":[],"shouldDisplayMessage":false,"stepsCount":0,"attachmentsCount":0,"hasContent":false},{"name":"$(\"div[class*='Builds__hasParentGrid']\") should be(visible)","time":{"start":1741591722489,"stop":1741591722503,"duration":14},"status":"passed","steps":[],"attachments":[],"parameters":[],"shouldDisplayMessage":false,"stepsCount":0,"attachmentsCount":0,"hasContent":false},{"name":"$(\"div[class*='Builds__hasParentGrid']/div[class*='buildContainer']\") should have(size >= 1)","time":{"start":1741591722505,"stop":1741591732931,"duration":10426},"status":"failed","statusMessage":"List size mismatch: expected: >= 1, actual: 0, collection: div[class*='Builds__hasParentGrid']/div[class*='buildContainer']\nScreenshot: file:/home/runner/work/automation-template/automation-template/build/reports/tests/1741591732594.0.png\nPage source: file:/home/runner/work/automation-template/automation-template/build/reports/tests/1741591732594.0.html\nTimeout: 10 s.","statusTrace":"List size mismatch: expected: >= 1, actual: 0, collection: div[class*='Builds__hasParentGrid']/div[class*='buildContainer']\nScreenshot: file:/home/runner/work/automation-template/automation-template/build/reports/tests/1741591732594.0.png\nPage source: file:/home/runner/work/automation-template/automation-template/build/reports/tests/1741591732594.0.html\nTimeout: 10 s.\n\tat com.codeborne.selenide.collections.CollectionSizeCondition.fail(CollectionSizeCondition.java:34)\n\tat com.codeborne.selenide.collections.SizeGreaterThanOrEqual.fail(SizeGreaterThanOrEqual.java:3)\n\tat com.codeborne.selenide.BaseElementsCollection.waitUntil(BaseElementsCollection.java:202)\n\tat com.codeborne.selenide.BaseElementsCollection.should(BaseElementsCollection.java:143)\n\tat com.codeborne.selenide.BaseElementsCollection.shouldHave(BaseElementsCollection.java:119)\n\tat com.jetbrains.teamcity.ui.pages.BuildTypePage.expectBuildRunsToExist(BuildTypePage.kt:29)\n\tat com.jetbrains.teamcity.ui.pages.BuildTypePage.expectBuildRunsToExist$default(BuildTypePage.kt:24)\n\tat com.jetbrains.teamcity.ui.StartBuildTest.a user should be able to start a successful build(StartBuildTest.kt:37)\n\tat java.base/jdk.internal.reflect.DirectMethodHandleAccessor.invoke(DirectMethodHandleAccessor.java:103)\n\tat java.base/java.lang.reflect.Method.invoke(Method.java:580)\n\tat org.junit.platform.commons.util.ReflectionUtils.invokeMethod(ReflectionUtils.java:767)\n\tat org.junit.jupiter.engine.execution.MethodInvocation.proceed(MethodInvocation.java:60)\n\tat org.junit.jupiter.engine.execution.InvocationInterceptorChain$ValidatingInvocation.proceed(InvocationInterceptorChain.java:131)\n\tat org.junit.jupiter.engine.extension.SameThreadTimeoutInvocation.proceed(SameThreadTimeoutInvocation.java:45)\n\tat org.junit.jupiter.engine.extension.TimeoutExtension.intercept(TimeoutExtension.java:156)\n\tat org.junit.jupiter.engine.extension.TimeoutExtension.interceptTestableMethod(TimeoutExtension.java:147)\n\tat org.junit.jupiter.engine.extension.TimeoutExtension.interceptTestMethod(TimeoutExtension.java:86)\n\tat org.junit.jupiter.engine.execution.InterceptingExecutableInvoker$ReflectiveInterceptorCall.lambda$ofVoidMethod$0(InterceptingExecutableInvoker.java:103)\n\tat org.junit.jupiter.engine.execution.InterceptingExecutableInvoker.lambda$invoke$0(InterceptingExecutableInvoker.java:93)\n\tat org.junit.jupiter.engine.execution.InvocationInterceptorChain$InterceptedInvocation.proceed(InvocationInterceptorChain.java:106)\n\tat org.junit.jupiter.engine.execution.InvocationInterceptorChain.proceed(InvocationInterceptorChain.java:64)\n\tat org.junit.jupiter.engine.execution.InvocationInterceptorChain.chainAndInvoke(InvocationInterceptorChain.java:45)\n\tat org.junit.jupiter.engine.execution.InvocationInterceptorChain.invoke(InvocationInterceptorChain.java:37)\n\tat org.junit.jupiter.engine.execution.InterceptingExecutableInvoker.invoke(InterceptingExecutableInvoker.java:92)\n\tat org.junit.jupiter.engine.execution.InterceptingExecutableInvoker.invoke(InterceptingExecutableInvoker.java:86)\n\tat org.junit.jupiter.engine.descriptor.TestMethodTestDescriptor.lambda$invokeTestMethod$8(TestMethodTestDescriptor.java:217)\n\tat org.junit.platform.engine.support.hierarchical.ThrowableCollector.execute(ThrowableCollector.java:73)\n\tat org.junit.jupiter.engine.descriptor.TestMethodTestDescriptor.invokeTestMethod(TestMethodTestDescriptor.java:213)\n\tat org.junit.jupiter.engine.descriptor.TestMethodTestDescriptor.execute(TestMethodTestDescriptor.java:138)\n\tat org.junit.jupiter.engine.descriptor.TestMethodTestDescriptor.execute(TestMethodTestDescriptor.java:68)\n\tat org.junit.platform.engine.support.hierarchical.NodeTestTask.lambda$executeRecursively$6(NodeTestTask.java:156)\n\tat org.junit.platform.engine.support.hierarchical.ThrowableCollector.execute(ThrowableCollector.java:73)\n\tat org.junit.platform.engine.support.hierarchical.NodeTestTask.lambda$executeRecursively$8(NodeTestTask.java:146)\n\tat org.junit.platform.engine.support.hierarchical.Node.around(Node.java:137)\n\tat org.junit.platform.engine.support.hierarchical.NodeTestTask.lambda$executeRecursively$9(NodeTestTask.java:144)\n\tat org.junit.platform.engine.support.hierarchical.ThrowableCollector.execute(ThrowableCollector.java:73)\n\tat org.junit.platform.engine.support.hierarchical.NodeTestTask.executeRecursively(NodeTestTask.java:143)\n\tat org.junit.platform.engine.support.hierarchical.NodeTestTask.execute(NodeTestTask.java:100)\n\tat java.base/java.util.ArrayList.forEach(ArrayList.java:1596)\n\tat org.junit.platform.engine.support.hierarchical.SameThreadHierarchicalTestExecutorService.invokeAll(SameThreadHierarchicalTestExecutorService.java:41)\n\tat org.junit.platform.engine.support.hierarchical.NodeTestTask.lambda$executeRecursively$6(NodeTestTask.java:160)\n\tat org.junit.platform.engine.support.hierarchical.ThrowableCollector.execute(ThrowableCollector.java:73)\n\tat org.junit.platform.engine.support.hierarchical.NodeTestTask.lambda$executeRecursively$8(NodeTestTask.java:146)\n\tat org.junit.platform.engine.support.hierarchical.Node.around(Node.java:137)\n\tat org.junit.platform.engine.support.hierarchical.NodeTestTask.lambda$executeRecursively$9(NodeTestTask.java:144)\n\tat org.junit.platform.engine.support.hierarchical.ThrowableCollector.execute(ThrowableCollector.java:73)\n\tat org.junit.platform.engine.support.hierarchical.NodeTestTask.executeRecursively(NodeTestTask.java:143)\n\tat org.junit.platform.engine.support.hierarchical.NodeTestTask.execute(NodeTestTask.java:100)\n\tat java.base/java.util.ArrayList.forEach(ArrayList.java:1596)\n\tat org.junit.platform.engine.support.hierarchical.SameThreadHierarchicalTestExecutorService.invokeAll(SameThreadHierarchicalTestExecutorService.java:41)\n\tat org.junit.platform.engine.support.hierarchical.NodeTestTask.lambda$executeRecursively$6(NodeTestTask.java:160)\n\tat org.junit.platform.engine.support.hierarchical.ThrowableCollector.execute(ThrowableCollector.java:73)\n\tat org.junit.platform.engine.support.hierarchical.NodeTestTask.lambda$executeRecursively$8(NodeTestTask.java:146)\n\tat org.junit.platform.engine.support.hierarchical.Node.around(Node.java:137)\n\tat org.junit.platform.engine.support.hierarchical.NodeTestTask.lambda$executeRecursively$9(NodeTestTask.java:144)\n\tat org.junit.platform.engine.support.hierarchical.ThrowableCollector.execute(ThrowableCollector.java:73)\n\tat org.junit.platform.engine.support.hierarchical.NodeTestTask.executeRecursively(NodeTestTask.java:143)\n\tat org.junit.platform.engine.support.hierarchical.NodeTestTask.execute(NodeTestTask.java:100)\n\tat org.junit.platform.engine.support.hierarchical.SameThreadHierarchicalTestExecutorService.submit(SameThreadHierarchicalTestExecutorService.java:35)\n\tat org.junit.platform.engine.support.hierarchical.HierarchicalTestExecutor.execute(HierarchicalTestExecutor.java:57)\n\tat org.junit.platform.engine.support.hierarchical.HierarchicalTestEngine.execute(HierarchicalTestEngine.java:54)\n\tat org.junit.platform.launcher.core.EngineExecutionOrchestrator.execute(EngineExecutionOrchestrator.java:198)\n\tat org.junit.platform.launcher.core.EngineExecutionOrchestrator.execute(EngineExecutionOrchestrator.java:169)\n\tat org.junit.platform.launcher.core.EngineExecutionOrchestrator.execute(EngineExecutionOrchestrator.java:93)\n\tat org.junit.platform.launcher.core.EngineExecutionOrchestrator.lambda$execute$0(EngineExecutionOrchestrator.java:58)\n\tat org.junit.platform.launcher.core.EngineExecutionOrchestrator.withInterceptedStreams(EngineExecutionOrchestrator.java:141)\n\tat org.junit.platform.launcher.core.EngineExecutionOrchestrator.execute(EngineExecutionOrchestrator.java:57)\n\tat org.junit.platform.launcher.core.DefaultLauncher.execute(DefaultLauncher.java:103)\n\tat org.junit.platform.launcher.core.DefaultLauncher.execute(DefaultLauncher.java:85)\n\tat org.junit.platform.launcher.core.DelegatingLauncher.execute(DelegatingLauncher.java:47)\n\tat org.gradle.api.internal.tasks.testing.junitplatform.JUnitPlatformTestClassProcessor$CollectAllTestClassesExecutor.processAllTestClasses(JUnitPlatformTestClassProcessor.java:119)\n\tat org.gradle.api.internal.tasks.testing.junitplatform.JUnitPlatformTestClassProcessor$CollectAllTestClassesExecutor.access$000(JUnitPlatformTestClassProcessor.java:94)\n\tat org.gradle.api.internal.tasks.testing.junitplatform.JUnitPlatformTestClassProcessor.stop(JUnitPlatformTestClassProcessor.java:89)\n\tat org.gradle.api.internal.tasks.testing.SuiteTestClassProcessor.stop(SuiteTestClassProcessor.java:62)\n\tat java.base/jdk.internal.reflect.DirectMethodHandleAccessor.invoke(DirectMethodHandleAccessor.java:103)\n\tat java.base/java.lang.reflect.Method.invoke(Method.java:580)\n\tat org.gradle.internal.dispatch.ReflectionDispatch.dispatch(ReflectionDispatch.java:36)\n\tat org.gradle.internal.dispatch.ReflectionDispatch.dispatch(ReflectionDispatch.java:24)\n\tat org.gradle.internal.dispatch.ContextClassLoaderDispatch.dispatch(ContextClassLoaderDispatch.java:33)\n\tat org.gradle.internal.dispatch.ProxyDispatchAdapter$DispatchingInvocationHandler.invoke(ProxyDispatchAdapter.java:94)\n\tat jdk.proxy1/jdk.proxy1.$Proxy2.stop(Unknown Source)\n\tat org.gradle.api.internal.tasks.testing.worker.TestWorker$3.run(TestWorker.java:193)\n\tat org.gradle.api.internal.tasks.testing.worker.TestWorker.executeAndMaintainThreadName(TestWorker.java:129)\n\tat org.gradle.api.internal.tasks.testing.worker.TestWorker.execute(TestWorker.java:100)\n\tat org.gradle.api.internal.tasks.testing.worker.TestWorker.execute(TestWorker.java:60)\n\tat org.gradle.process.internal.worker.child.ActionExecutionWorker.execute(ActionExecutionWorker.java:56)\n\tat org.gradle.process.internal.worker.child.SystemApplicationClassLoaderWorker.call(SystemApplicationClassLoaderWorker.java:119)\n\tat org.gradle.process.internal.worker.child.SystemApplicationClassLoaderWorker.call(SystemApplicationClassLoaderWorker.java:66)\n\tat worker.org.gradle.process.internal.worker.GradleWorkerMain.run(GradleWorkerMain.java:69)\n\tat worker.org.gradle.process.internal.worker.GradleWorkerMain.main(GradleWorkerMain.java:74)\n","steps":[],"attachments":[{"uid":"de79a0d74b009c87","name":"Screenshot","source":"de79a0d74b009c87.png","type":"image/png","size":85397},{"uid":"780b79cbcc0214a3","name":"Page source","source":"780b79cbcc0214a3.html","type":"text/html","size":223769}],"parameters":[],"shouldDisplayMessage":true,"stepsCount":0,"attachmentsCount":2,"hasContent":true},{"name":"$(\"webdriver\") close()","time":{"start":1741591732932,"stop":1741591732987,"duration":55},"status":"passed","steps":[],"attachments":[],"parameters":[],"shouldDisplayMessage":false,"stepsCount":0,"attachmentsCount":0,"hasContent":false}],"attachments":[{"uid":"d8ec89c050f7985e","name":"Request","source":"d8ec89c050f7985e.html","type":"text/html","size":1277},{"uid":"7c9aceeb129d5286","name":"HTTP/1.1 200 ","source":"7c9aceeb129d5286.html","type":"text/html","size":2071},{"uid":"855351fead21c75a","name":"Request","source":"855351fead21c75a.html","type":"text/html","size":1027},{"uid":"682d7c6ab9611b94","name":"HTTP/1.1 200 ","source":"682d7c6ab9611b94.html","type":"text/html","size":2183},{"uid":"ea6e5ced3d532659","name":"Request","source":"ea6e5ced3d532659.html","type":"text/html","size":3055},{"uid":"cf4c34cbdbf154ca","name":"HTTP/1.1 200 ","source":"cf4c34cbdbf154ca.html","type":"text/html","size":3681},{"uid":"a81111a657f27109","name":"Request","source":"a81111a657f27109.html","type":"text/html","size":512},{"uid":"6d7d4b9cd7947a1b","name":"HTTP/1.1 200 ","source":"6d7d4b9cd7947a1b.html","type":"text/html","size":691},{"uid":"430479ddb7b6c19a","name":"Request","source":"430479ddb7b6c19a.html","type":"text/html","size":550},{"uid":"b405fc037abfcabe","name":"HTTP/1.1 204 ","source":"b405fc037abfcabe.html","type":"text/html","size":478},{"uid":"eba1c32dc3fde43b","name":"Request","source":"eba1c32dc3fde43b.html","type":"text/html","size":546},{"uid":"d6a322c751807b6a","name":"HTTP/1.1 204 ","source":"d6a322c751807b6a.html","type":"text/html","size":478},{"uid":"979b77618bb88d7","name":"Request","source":"979b77618bb88d7.html","type":"text/html","size":522},{"uid":"2fb1104681e47137","name":"HTTP/1.1 204 ","source":"2fb1104681e47137.html","type":"text/html","size":478}],"parameters":[],"shouldDisplayMessage":false,"stepsCount":16,"attachmentsCount":16,"hasContent":true},"afterStages":[],"labels":[{"name":"tag","value":"Regression"},{"name":"junit.platform.uniqueid","value":"[engine:junit-jupiter]/[class:com.jetbrains.teamcity.ui.StartBuildTest]/[method:a user should be able to start a successful build()]"},{"name":"host","value":"fv-az1696-90"},{"name":"thread","value":"5906@fv-az1696-90.Test worker(1)"},{"name":"framework","value":"junit-platform"},{"name":"language","value":"java"},{"name":"package","value":"com.jetbrains.teamcity.ui.StartBuildTest"},{"name":"testClass","value":"com.jetbrains.teamcity.ui.StartBuildTest"},{"name":"testMethod","value":"a user should be able to start a successful build"},{"name":"suite","value":"com.jetbrains.teamcity.ui.StartBuildTest"},{"name":"resultFormat","value":"allure2"}],"parameters":[],"links":[],"hidden":false,"retry":false,"extra":{"severity":"normal","retries":[],"categories":[{"name":"Product defects","matchedStatuses":[],"flaky":false}],"history":{"statistic":{"failed":6,"broken":0,"skipped":0,"passed":5,"unknown":0,"total":11},"items":[{"uid":"b7b40437a053c284","reportUrl":"https://CatHudson.github.io/automation-template/ui/65//#testresult/b7b40437a053c284","status":"passed","time":{"start":1741590903603,"stop":1741590915818,"duration":12215}},{"uid":"57ad9ed998bd909c","reportUrl":"https://CatHudson.github.io/automation-template/ui/63//#testresult/57ad9ed998bd909c","status":"failed","statusDetails":"[The build run was not created] \nExpecting actual not to be null","time":{"start":1741362276819,"stop":1741362282217,"duration":5398}},{"uid":"1aa05b169c4fae01","reportUrl":"https://CatHudson.github.io/automation-template/ui/62//#testresult/1aa05b169c4fae01","status":"failed","statusDetails":"\nExpecting actual not to be null","time":{"start":1741361078845,"stop":1741361084112,"duration":5267}},{"uid":"7dd1c6f6cee0df6","reportUrl":"https://CatHudson.github.io/automation-template/ui/61//#testresult/7dd1c6f6cee0df6","status":"failed","statusDetails":"\nexpected: 1\n but was: 0","time":{"start":1741360309500,"stop":1741360314882,"duration":5382}},{"uid":"cbf411c69cbc00e4","reportUrl":"https://CatHudson.github.io/automation-template/ui/59//#testresult/cbf411c69cbc00e4","status":"failed","statusDetails":"Element not found {div[class*='Builds__hasParentGrid']}\nExpected: visible\nScreenshot: file:/home/runner/work/automation-template/automation-template/build/reports/tests/1741357552629.0.png\nPage source: file:/home/runner/work/automation-template/automation-template/build/reports/tests/1741357552629.0.html\nTimeout: 10 s.\nCaused by: NoSuchElementException: no such element: Unable to locate element: {\"method\":\"css selector\",\"selector\":\"div[class*='Builds__hasParentGrid']\"}","time":{"start":1741357536329,"stop":1741357553554,"duration":17225}},{"uid":"9e25d4fc23106187","reportUrl":"https://CatHudson.github.io/automation-template/ui/58//#testresult/9e25d4fc23106187","status":"passed","time":{"start":1741356210088,"stop":1741356221165,"duration":11077}},{"uid":"a11bb64fda9ee506","reportUrl":"https://CatHudson.github.io/automation-template/ui/57//#testresult/a11bb64fda9ee506","status":"passed","time":{"start":1741355666152,"stop":1741355677122,"duration":10970}},{"uid":"ac600bec3347a94b","reportUrl":"https://CatHudson.github.io/automation-template/ui/56//#testresult/ac600bec3347a94b","status":"failed","statusDetails":"Element not found {div[class*='Builds__hasParentGrid']}\nExpected: visible\nScreenshot: file:/home/runner/work/automation-template/automation-template/build/reports/tests/1741264085300.1.png\nPage source: file:/home/runner/work/automation-template/automation-template/build/reports/tests/1741264085300.1.html\nTimeout: 10 s.\nCaused by: NoSuchElementException: no such element: Unable to locate element: {\"method\":\"css selector\",\"selector\":\"div[class*='Builds__hasParentGrid']\"}","time":{"start":1741264070112,"stop":1741264085727,"duration":15615}},{"uid":"2a3ad0ebffb46762","reportUrl":"https://CatHudson.github.io/automation-template/ui/55//#testresult/2a3ad0ebffb46762","status":"passed","time":{"start":1741253624827,"stop":1741253635459,"duration":10632}},{"uid":"38ac13619e0f3747","reportUrl":"https://CatHudson.github.io/automation-template/ui/53//#testresult/38ac13619e0f3747","status":"passed","time":{"start":1741253012454,"stop":1741253022876,"duration":10422}}]},"tags":["Regression"]},"source":"8fb57f8601acf0bb.json","parameterValues":[]}